0 info it worked if it ends with ok
1 verbose cli [ 'C:\\Program Files\\nodejs\\node.exe',
1 verbose cli   'C:\\Program Files\\nodejs\\node_modules\\npm\\bin\\npm-cli.js',
1 verbose cli   'run',
1 verbose cli   'cypress' ]
2 info using npm@3.10.10
3 info using node@v6.11.3
4 verbose run-script [ 'precypress', 'cypress', 'postcypress' ]
5 info lifecycle ldso@1.0.0~precypress: ldso@1.0.0
6 silly lifecycle ldso@1.0.0~precypress: no script for precypress, continuing
7 info lifecycle ldso@1.0.0~cypress: ldso@1.0.0
8 verbose lifecycle ldso@1.0.0~cypress: unsafe-perm in lifecycle true
9 verbose lifecycle ldso@1.0.0~cypress: PATH: C:\Program Files\nodejs\node_modules\npm\bin\node-gyp-bin;C:\Users\Telmo\fix\node_modules\.bin;C:\Users\Telmo\bin;C:\Program Files\Git\mingw64\bin;C:\Program Files\Git\usr\local\bin;C:\Program Files\Git\usr\bin;C:\Program Files\Git\usr\bin;C:\Program Files\Git\mingw64\bin;C:\Program Files\Git\usr\bin;C:\Users\Telmo\bin;C:\Program Files\Docker\Docker\Resources\bin;C:\ProgramData\Oracle\Java\javapath;C:\Windows\system32;C:\Windows;C:\Windows\System32\Wbem;C:\Windows\System32\WindowsPowerShell\v1.0;C:\Program Files (x86)\NVIDIA Corporation\PhysX\Common;C:\WINDOWS\system32;C:\WINDOWS;C:\WINDOWS\System32\Wbem;C:\WINDOWS\System32\WindowsPowerShell\v1.0;C:\Program Files\nodejs;C:\Program Files\PuTTY;C:\Users\Telmo\AppData\Local\Microsoft\WindowsApps;C:\Users\Telmo\AppData\Roaming\npm;C:\Users\Telmo\AppData\Local\GitHubDesktop\bin;C:\Program Files\Git\usr\bin\vendor_perl;C:\Program Files\Git\usr\bin\core_perl
10 verbose lifecycle ldso@1.0.0~cypress: CWD: C:\Users\Telmo\fix
11 silly lifecycle ldso@1.0.0~cypress: Args: [ '/d /s /c', '$(npm bin)/cypress run' ]
12 silly lifecycle ldso@1.0.0~cypress: Returned: code: 1  signal: null
13 info lifecycle ldso@1.0.0~cypress: Failed to exec cypress script
14 verbose stack Error: ldso@1.0.0 cypress: `$(npm bin)/cypress run`
14 verbose stack Exit status 1
14 verbose stack     at EventEmitter.<anonymous> (C:\Program Files\nodejs\node_modules\npm\lib\utils\lifecycle.js:255:16)
14 verbose stack     at emitTwo (events.js:106:13)
14 verbose stack     at EventEmitter.emit (events.js:191:7)
14 verbose stack     at ChildProcess.<anonymous> (C:\Program Files\nodejs\node_modules\npm\lib\utils\spawn.js:40:14)
14 verbose stack     at emitTwo (events.js:106:13)
14 verbose stack     at ChildProcess.emit (events.js:191:7)
14 verbose stack     at maybeClose (internal/child_process.js:920:16)
14 verbose stack     at Process.ChildProcess._handle.onexit (internal/child_process.js:230:5)
15 verbose pkgid ldso@1.0.0
16 verbose cwd C:\Users\Telmo\fix
17 error Windows_NT 10.0.15063
18 error argv "C:\\Program Files\\nodejs\\node.exe" "C:\\Program Files\\nodejs\\node_modules\\npm\\bin\\npm-cli.js" "run" "cypress"
19 error node v6.11.3
20 error npm  v3.10.10
21 error code ELIFECYCLE
22 error ldso@1.0.0 cypress: `$(npm bin)/cypress run`
22 error Exit status 1
23 error Failed at the ldso@1.0.0 cypress script '$(npm bin)/cypress run'.
23 error Make sure you have the latest version of node.js and npm installed.
23 error If you do, this is most likely a problem with the ldso package,
23 error not with npm itself.
23 error Tell the author that this fails on your system:
23 error     $(npm bin)/cypress run
23 error You can get information on how to open an issue for this project with:
23 error     npm bugs ldso
23 error Or if that isn't available, you can get their info via:
23 error     npm owner ls ldso
23 error There is likely additional logging output above.
24 verbose exit [ 1, true ]
